#
# A fatal error has been detected by the Java Runtime Environment:
#
#  EXCEPTION_ACCESS_VIOLATION (0xc0000005) at pc=0x00007ffb9dbd68a8, pid=13184, tid=18420
#
# JRE version: OpenJDK Runtime Environment Corretto-17.0.6.10.1 (17.0.6+10) (build 17.0.6+10-LTS)
# Java VM: OpenJDK 64-Bit Server VM Corretto-17.0.6.10.1 (17.0.6+10-LTS, mixed mode, sharing, tiered, compressed oops, compressed class ptrs, g1 gc, windows-amd64)
# Problematic frame:
# V  [jvm.dll+0x2f68a8]
#
# No core dump will be written. Minidumps are not enabled by default on client versions of Windows
#
# If you would like to submit a bug report, please visit:
#   https://github.com/corretto/corretto-17/issues/
#

---------------  S U M M A R Y ------------

Command Line: -javaagent:C:\Program Files\JetBrains\IntelliJ IDEA Community Edition 2022.3.2\lib\idea_rt.jar=59779:C:\Program Files\JetBrains\IntelliJ IDEA Community Edition 2022.3.2\bin -Dfile.encoding=UTF-8 com.openclassrooms.projet6.paymybuddy.PaymybuddyApplication

Host: Intel(R) Core(TM) i7-2600K CPU @ 3.40GHz, 8 cores, 15G,  Windows 10 , 64 bit Build 19041 (10.0.19041.3155)
Time: Sat Jul 29 04:06:41 2023 Paris, Madrid (heure duild 19041 (10.0.19041.3155) elapsed time: 24899.464686 seconds (0d 6h 54m 59s)

---------------  T H R E A D  ---------------

Current thread (0x000001d8c25bead0):  GCTaskThread "GC Thread#6" [stack: 0x000000881b300000,0x000000881b400000] [id=18420]

Stack: [0x000000881b300000,0x000000881b400000],  sp=0x000000881b3fde90,  free space=1015k
Native frames: (J=compiled Java code, j=interpreted, Vv=VM code, C=native code)
V  [jvm.dll+0x2f68a8]
V  [jvm.dll+0x2f36ce]
V  [jvm.dll+0x306445]
V  [jvm.dll+0x63a109]
V  [jvm.dll+0x2b7909]
V  [jvm.dll+0x2b7181]
V  [jvm.dll+0x2b7115]
V  [jvm.dll+0x7b59f6]
V  [jvm.dll+0x7b5868]
V  [jvm.dll+0x7b5e11]
V  [jvm.dll+0x306b2a]
V  [jvm.dll+0x3069ba]
V  [jvm.dll+0x2cd804]
V  [jvm.dll+0x2cf12d]
V  [jvm.dll+0x82d5cb]
V  [jvm.dll+0x82d616]
V  [jvm.dll+0x7b1d6a]
V  [jvm.dll+0x64a265]
C  [ucrtbase.dll+0x21bb2]
C  [KERNEL32.DLL+0x17614]
C  [ntdll.dll+0x526b1]

JavaThread 0x000001d8c6c0fcc0 (nid = 18416) was being processed
Java frames: (J=compiled Java code, j=interpreted, Vv=VM code)
v  ~RuntimeStub::_new_instance_Java
J 6881 c2 java.math.MutableBigInteger.divideKnuth(Ljava/math/MutableBigInteger;Ljava/math/MutableBigInteger;Z)Ljava/math/MutableBigInteger; java.base@17.0.6 (272 bytes) @ 0x000001d8adc86c4c [0x000001d8adc863a0+0x00000000000008ac]
J 6890 c2 java.math.BigInteger.mod(Ljava/math/BigInteger;)Ljava/math/BigInteger; java.base@17.0.6 (41 bytes) @ 0x000001d8adc896ec [0x000001d8adc89500+0x00000000000001ec]
J 6382 c1 sun.security.util.math.intpoly.IntegerPolynomial.setLimbsValuePositive(Ljava/math/BigInteger;[J)V java.base@17.0.6 (49 bytes) @ 0x000001d8a6800764 [0x000001d8a6800680+0x00000000000000e4]
J 7396 c1 sun.security.util.math.intpoly.IntegerPolynomial.<init>(IIILjava/math/BigInteger;)V java.base@17.0.6 (34 bytes) @ 0x000001d8a6a12594 [0x000001d8a6a12340+0x0000000000000254]
j  sun.security.util.math.intpoly.IntegerPolynomial25519.<init>()V+9 java.base@17.0.6
j  sun.security.ec.XECOperations.getIntegerFieldModulo(Ljava/math/BigInteger;)Lsun/security/util/math/IntegerFieldModuloP;+14 jdk.crypto.ec@17.0.6
j  sun.security.ec.XECOperations.<init>(Lsun/security/ec/XECParameters;)V+19 jdk.crypto.ec@17.0.6
j  sun.security.ec.XDHKeyPairGenerator.initializeImpl(Lsun/security/ec/XECParameters;Ljava/security/SecureRandom;)V+41 jdk.crypto.ec@17.0.6
j  sun.security.ec.XDHKeyPairGenerator.initialize(Ljava/security/spec/AlgorithmParameterSpec;Ljava/security/SecureRandom;)V+13 jdk.crypto.ec@17.0.6
j  java.security.KeyPairGenerator$Delegate.initialize(Ljava/security/spec/AlgorithmParameterSpec;Ljava/security/SecureRandom;)V+29 java.base@17.0.6
j  sun.security.ssl.XDHKeyExchange$XDHEPossession.<init>(Lsun/security/ssl/NamedGroup;Ljava/security/SecureRandom;)V+18 java.base@17.0.6
j  sun.security.ssl.NamedGroup$XDHScheme.createPossession(Lsun/security/ssl/NamedGroup;Ljava/security/SecureRandom;)Lsun/security/ssl/SSLPossession;+6 java.base@17.0.6
j  sun.security.ssl.NamedGroup$NamedGroupSpec.createPossession(Lsun/security/ssl/NamedGroup;Ljava/security/SecureRandom;)Lsun/security/ssl/SSLPossession;+13 java.base@17.0.6
j  sun.security.ssl.NamedGroup.createPossession(Ljava/security/SecureRandom;)Lsun/security/ssl/SSLPossession;+6 java.base@17.0.6
j  sun.security.ssl.SSLKeyExchange$T13KeyAgreement.createPossession(Lsun/security/ssl/HandshakeContext;)Lsun/security/ssl/SSLPossession;+11 java.base@17.0.6
j  sun.security.ssl.SSLKeyExchange.createPossessions(Lsun/security/ssl/HandshakeContext;)[Lsun/security/ssl/SSLPossession;+198 java.base@17.0.6
j  sun.security.ssl.KeyShareExtension$CHKeyShareProducer.getShare(Lsun/security/ssl/ClientHandshakeContext;Lsun/security/ssl/NamedGroup;)[B+57 java.base@17.0.6
j  sun.security.ssl.KeyShareExtension$CHKeyShareProducer.produce(Lsun/security/ssl/ConnectionContext;Lsun/security/ssl/SSLHandshake$HandshakeMessage;)[B+171 java.base@17.0.6
J 6237 c1 sun.security.ssl.SSLExtension.produce(Lsun/security/ssl/ConnectionContext;Lsun/security/ssl/SSLHandshake$HandshakeMessage;)[B java.base@17.0.6 (30 bytes) @ 0x000001d8a67a4204 [0x000001d8a67a40c0+0x0000000000000144]
j  sun.security.ssl.SSLExtensions.produce(Lsun/security/ssl/HandshakeContext;[Lsun/security/ssl/SSLExtension;)V+145 java.base@17.0.6
j  sun.security.ssl.ClientHello$ClientHelloKickstartProducer.produce(Lsun/security/ssl/ConnectionContext;)[B+962 java.base@17.0.6
j  sun.security.ssl.SSLHandshake.kickstart(Lsun/security/ssl/HandshakeContext;)V+47 java.base@17.0.6
j  sun.security.ssl.ClientHandshakeContext.kickstart()V+9 java.base@17.0.6
j  sun.security.ssl.TransportContext.kickstart()V+186 java.base@17.0.6
j  sun.security.ssl.SSLSocketImpl.startHandshake(Z)V+108 java.base@17.0.6
j  sun.security.ssl.SSLSocketImpl.startHandshake()V+2 java.base@17.0.6
j  com.mysql.cj.protocol.ExportControlled.performTlsHandshake(Ljava/net/Socket;Lcom/mysql/cj/protocol/SocketConnection;Lcom/mysql/cj/ServerVersion;Lcom/mysql/cj/log/Log;)Ljava/net/Socket;+235
j  com.mysql.cj.protocol.StandardSocketFactory.performTlsHandshake(Lcom/mysql/cj/protocol/SocketConnection;Lcom/mysql/cj/protocol/ServerSession;Lcom/mysql/cj/log/Log;)Ljava/io/Closeable;+21
j  com.mysql.cj.protocol.a.NativeSocketConnection.performTlsHandshake(Lcom/mysql/cj/protocol/ServerSession;Lcom/mysql/cj/log/Log;)V+8
j  com.mysql.cj.protocol.a.NativeProtocol.negotiateSSLConnection()V+116
j  com.mysql.cj.protocol.a.NativeAuthenticationProvider.connect(Ljava/lang/String;Ljava/lang/String;Ljava/lang/String;)V+765
j  com.mysql.cj.protocol.a.NativeProtocol.connect(Ljava/lang/String;Ljava/lang/String;Ljava/lang/String;)V+11
j  com.mysql.cj.NativeSession.connect(Lcom/mysql/cj/conf/HostInfo;Ljava/lang/String;Ljava/lang/String;Ljava/lang/String;ILcom/mysql/cj/TransactionEventHandler;)V+110
j  com.mysql.cj.jdbc.ConnectionImpl.connectOneTryOnly(Z)V+32
j  com.mysql.cj.jdbc.ConnectionImpl.createNewIO(Z)V+27
j  com.mysql.cj.jdbc.ConnectionImpl.<init>(Lcom/mysql/cj/conf/HostInfo;)V+753
j  com.mysql.cj.jdbc.ConnectionImpl.getInstance(Lcom/mysql/cj/conf/HostInfo;)Lcom/mysql/cj/jdbc/JdbcConnection;+5
j  com.mysql.cj.jdbc.NonRegisteringDriver.connect(Ljava/lang/String;Ljava/util/Properties;)Ljava/sql/Connection;+72
j  com.zaxxer.hikari.util.DriverDataSource.getConnection(Ljava/lang/String;Ljava/lang/String;)Ljava/sql/Connection;+61
j  com.zaxxer.hikari.pool.PoolBase.newConnection()Ljava/sql/Connection;+49
j  com.zaxxer.hikari.pool.PoolBase.newPoolEntry()Lcom/zaxxer/hikari/pool/PoolEntry;+5
j  com.zaxxer.hikari.pool.HikariPool.createPoolEntry()Lcom/zaxxer/hikari/pool/PoolEntry;+1
J 7598 c1 com.zaxxer.hikari.pool.HikariPool$PoolEntryCreator.call()Ljava/lang/Boolean; (223 bytes) @ 0x000001d8a6a59be4 [0x000001d8a6a59ae0+0x0000000000000104]
J 7597 c1 com.zaxxer.hikari.pool.HikariPool$PoolEntryCreator.call()Ljava/lang/Object; (5 bytes) @ 0x000001d8a6a5b594 [0x000001d8a6a5b520+0x0000000000000074]
J 7257 c1 java.util.concurrent.FutureTask.run()V java.base@17.0.6 (123 bytes) @ 0x000001d8a69a13cc [0x000001d8a69a0c20+0x00000000000007ac]
J 7281 c1 java.util.concurrent.ThreadPoolExecutor.runWorker(Ljava/util/concurrent/ThreadPoolExecutor$Worker;)V java.base@17.0.6 (187 bytes) @ 0x000001d8a69aedc4 [0x000001d8a69ae4a0+0x0000000000000924]
j  java.util.concurrent.ThreadPoolExecutor$Worker.run()V+5 java.base@17.0.6
j  java.lang.Thread.run()V+11 java.base@17.0.6
v  ~StubRoutines::call_stub

siginfo: EXCEPTION_ACCESS_VIOLATION (0xc0000005), reading address 0x0000000000000008


Register to memory mapping:

RIP=0x00007ffb9dbd68a8 jvm.dll
RAX=0x0 is NULL
RBX=0x0000000702e0f021 is pointing into object: java.util.HashMap$Node 
{0x0000000702e0f008} - klass: 'java/util/HashMap$Node'
 - ---- fields (total size 4 words):
 - final 'hash' 'I' @12  134945312 (80b1a20)
 - final 'key' 'Ljava/lang/Object;' @16  a 'com/mysql/cj/conf/PropertyKey'{0x0000000700f56308} (e01eac61)
 - 'value' 'Ljava/lang/Object;' @20  a 'com/mysql/cj/conf/BooleanProperty'{0x0000000702e0f028} (e05c1e05)
 - 'next' 'Ljava/util/HashMap$Node;' @24  
[error occurred during error reporting (printing register info), id 0xc0000005, EXCEPTION_ACCESS_VIOLATION (0xc0000005) at pc=0x00007ffb9dc5b26e]

Registers:
RAX=0x0000000000000000, RBX=0x0000000702e0f021, RCX=0x0000000000000015, RDX=0x0000000000000000
RSP=0x000000881b3fde90, RBP=0x00000000000016a1, RSI=0x0000000702e0f020, RDI=0x000001d8c38eb820
R8 =0x0000000702e0f028, R9 =0x0000000700f56380, R10=0x0000000000000008, R11=0x0000000000000001
R12=0x000001d8c2355098, R13=0x000000881b3fe088, R14=0x0000000000000040, R15=0x0000000000000000
RIP=0x00007ffb9dbd68a8, EFLAGS=0x0000000000010246

Top of Stack: (sp=0x000000881b3fde90)
0x000000881b3fde90:   00000007031e0000 0000000000000001
0x000000881b3fdea0:   0000000000000008 0000000000000001
0x000000881b3fdeb0:   0000000000000008 000000881b3fe038
0x000000881b3fdec0:   00000088198feb98 0000000000005155
0x000000881b3fded0:   0000000000000008 00007ffb9dbd36ce
0x000000881b3fdee0:   000000000000095e 000001d8c38eb820
0x000000881b3fdef0:   000000881b3fe038 000000881b3fe088
0x000000881b3fdf00:   00000039f935ab58 00004e6d2244d36c
0x000000881b3fdf10:   0000000000005155 0000000000000008
0x000000881b3fdf20:   000001d8c25fa278 00007ffb9dbe6445
0x000000881b3fdf30:   000001d8c2350000 000000881b3f0001
0x000000881b3fdf40:   0000000000000008 00000088198fec68
0x000000881b3fdf50:   0000000000000006 00007ffb9df1a109
0x000000881b3fdf60:   0000000000001000 0000000000005155
0x000000881b3fdf70:   000000000000006e 000000881b3fe088
0x000000881b3fdf80:   000001d8c25fa270 000000000000006e 

Instructions: (pc=0x00007ffb9dbd68a8)
0x00007ffb9dbd67a8:   ff ff 48 8d 53 fe 48 8b cf e8 8a f6 ff ff e9 35
0x00007ffb9dbd67b8:   fd ff ff 0f 1f 44 00 00 48 8b 77 10 8b ae 80 00
0x00007ffb9dbd67c8:   00 00 8b cd 8b 86 00 01 00 00 2b c8 81 e1 ff ff
0x00007ffb9dbd67d8:   01 00 41 3b ce 0f 86 e8 02 00 00 ff cd 81 e5 ff
0x00007ffb9dbd67e8:   ff 01 00 89 ae 80 00 00 00 e8 ba 5c 34 00 8b 86
0x00007ffb9dbd67f8:   00 01 00 00 8b cd 48 8b 9e 80 01 00 00 2b c8 81
0x00007ffb9dbd6808:   e1 ff ff 01 00 81 f9 ff ff 01 00 48 8b 1c eb 41
0x00007ffb9dbd6818:   0f 44 cf 85 c9 75 3f 48 8b 86 00 01 00 00 48 8b
0x00007ffb9dbd6828:   c8 48 89 44 24 60 48 c1 e9 20 ff c1 89 6c 24 50
0x00007ffb9dbd6838:   89 4c 24 54 3b e8 0f 85 75 02 00 00 48 8b 4c 24
0x00007ffb9dbd6848:   50 f0 48 0f b1 8e 00 01 00 00 0f 85 61 02 00 00
0x00007ffb9dbd6858:   8b 86 00 01 00 00 f6 c3 01 0f 84 2f 01 00 00 8b
0x00007ffb9dbd6868:   0d 3b d5 7d 00 48 8d 73 ff 48 8b 47 08 44 8b 16
0x00007ffb9dbd6878:   49 d3 e2 4c 03 15 1e d5 7d 00 8b 88 90 05 00 00
0x00007ffb9dbd6888:   49 8b d2 48 8b 80 80 05 00 00 48 d3 ea 0f b7 14
0x00007ffb9dbd6898:   50 0f b7 c2 66 c1 e8 08 84 c0 0f 88 18 ff ff ff
0x00007ffb9dbd68a8:   4d 8b 02 41 0f b6 c0 24 03 3c 03 75 1e 44 38 3d
0x00007ffb9dbd68b8:   64 9a 84 00 74 0f 41 0f b6 c0 24 07 3c 05 75 05
0x00007ffb9dbd68c8:   4d 8b c7 eb 17 49 83 e0 fc eb 11 4d 8b c8 48 8b
0x00007ffb9dbd68d8:   cf 4d 8b c2 e8 1f f1 ff ff 4c 8b c0 8b 0d be d4
0x00007ffb9dbd68e8:   7d 00 49 8b d0 48 2b 15 ac d4 7d 00 48 d3 ea 89
0x00007ffb9dbd68f8:   16 49 8b d0 8b 0d 9e a2 84 00 48 33 d6 48 d3 ea
0x00007ffb9dbd6908:   48 85 d2 0f 84 af fe ff ff 48 8b 47 08 48 8b d6
0x00007ffb9dbd6918:   8b 88 c0 01 00 00 48 8b 80 b0 01 00 00 48 d3 ea
0x00007ffb9dbd6928:   48 8b 0c d0 8b 81 94 00 00 00 d1 e8 a8 01 0f 85
0x00007ffb9dbd6938:   84 fe ff ff 48 8b 47 08 8b 88 90 05 00 00 48 8b
0x00007ffb9dbd6948:   80 80 05 00 00 49 d3 e8 46 38 3c 40 0f 84 66 fe
0x00007ffb9dbd6958:   ff ff 48 8b 47 60 48 c1 ee 09 48 8b 58 40 48 8b
0x00007ffb9dbd6968:   48 38 48 03 de 48 2b d9 48 39 9f b0 01 00 00 0f
0x00007ffb9dbd6978:   84 43 fe ff ff 48 8d 14 0b 48 8d 4f 18 e8 96 3d
0x00007ffb9dbd6988:   00 00 48 89 9f b0 01 00 00 e9 2a fe ff ff f6 c3
0x00007ffb9dbd6998:   03 0f 85 09 01 00 00 48 8b 47 08 4c 8b 13 49 8b 


Stack slot to memory mapping:
stack at sp + 0 slots: 0x00000007031e0000 is pointing into object: [I 
{0x00000007031dc588} - klass: {type array int}
 - length: 8000
stack at sp + 1 slots: 0x0000000000000001 is an unknown value
stack at sp + 2 slots: 0x0000000000000008 is an unknown value
stack at sp + 3 slots: 0x0000000000000001 is an unknown value
stack at sp + 4 slots: 0x0000000000000008 is an unknown value
stack at sp + 5 slots: 0x000000881b3fe038 points into unknown readable memory: 0x00007ffb9e1f9968 | 68 99 1f 9e fb 7f 00 00
stack at sp + 6 slots: 0x00000088198feb98 is pointing into the stack for thread: 0x000001d8c6c0fcc0
stack at sp + 7 slots: 0x0000000000005155 is an unknown value


---------------  P R O C E S S  ---------------

Threads class SMR info:
_java_thread_list=0x000001d8c3db0580, length=32, elements={
0x000001d8c129a5c0, 0x000001d8c129b430, 0x000001d8c12aa510, 0x000001d8c12ac0b0,
0x000001d8c12afd00, 0x000001d8c12b1040, 0x000001d8c12b7490, 0x000001d8c12bc7f0,
0x000001d8c12be200, 0x000001d8c12b1eb0, 0x000001d8c12b06a0, 0x000001d8c12af830,
0x000001d8c12b2850, 0x000001d8c12b01d0, 0x000001d8c12b0b70, 0x000001d8c12b1510,
0x000001d8c12b19e0, 0x000001d8c6c10b30, 0x000001d8c6c149c0, 0x000001d8c6c17040,
0x000001d8c6c119a0, 0x000001d8c6c11000, 0x000001d8c6c13680, 0x000001d8c6c15360,
0x000001d8c6c11e70, 0x000001d8c6c161d0, 0x000001d8c6c14020, 0x000001d8c6c114d0,
0x000001d8c6c10660, 0x000001d8c6c13b50, 0x000001d8c6c131b0, 0x000001d8c6c0fcc0
}

Java Threads: ( => current thread )
  0x000001d8c129a5c0 JavaThread "Reference Handler" daemon [_thread_blocked, id=30872, stack(0x000000881a100000,0x000000881a200000)]
  0x000001d8c129b430 JavaThread "Finalizer" daemon [_thread_blocked, id=23576, stack(0x000000881a200000,0x000000881a300000)]
  0x000001d8c12aa510 JavaThread "Signal Dispatcher" daemon [_thread_blocked, id=30792, stack(0x000000881a300000,0x000000881a400000)]
  0x000001d8c12ac0b0 JavaThread "Attach Listener" daemon [_thread_blocked, id=19688, stack(0x000000881a400000,0x000000881a500000)]
  0x000001d8c12afd00 JavaThread "Service Thread" daemon [_thread_blocked, id=28108, stack(0x000000881a500000,0x000000881a600000)]
  0x000001d8c12b1040 JavaThread "Monitor Deflation Thread" daemon [_thread_blocked, id=30864, stack(0x000000881a600000,0x000000881a700000)]
  0x000001d8c12b7490 JavaThread "C2 CompilerThread0" daemon [_thread_blocked, id=4036, stack(0x000000881a700000,0x000000881a800000)]
  0x000001d8c12bc7f0 JavaThread "C1 CompilerThread0" daemon [_thread_blocked, id=15912, stack(0x000000881a800000,0x000000881a900000)]
  0x000001d8c12be200 JavaThread "Sweeper thread" daemon [_thread_blocked, id=8848, stack(0x000000881a900000,0x000000881aa00000)]
  0x000001d8c12b1eb0 JavaThread "Common-Cleaner" daemon [_thread_blocked, id=7540, stack(0x000000881aa00000,0x000000881ab00000)]
  0x000001d8c12b06a0 JavaThread "Monitor Ctrl-Break" daemon [_thread_in_native, id=20516, stack(0x000000881ab00000,0x000000881ac00000)]
  0x000001d8c12af830 JavaThread "Notification Thread" daemon [_thread_blocked, id=27708, stack(0x000000881ac00000,0x000000881ad00000)]
  0x000001d8c12b2850 JavaThread "Catalina-utility-1" [_thread_blocked, id=22932, stack(0x000000881b800000,0x000000881b900000)]
  0x000001d8c12b01d0 JavaThread "Catalina-utility-2" [_thread_blocked, id=21180, stack(0x000000881b900000,0x000000881ba00000)]
  0x000001d8c12b0b70 JavaThread "container-0" [_thread_blocked, id=19344, stack(0x000000881ba00000,0x000000881bb00000)]
  0x000001d8c12b1510 JavaThread "mysql-cj-abandoned-connection-cleanup" daemon [_thread_blocked, id=29208, stack(0x000000881bb00000,0x000000881bc00000)]
  0x000001d8c12b19e0 JavaThread "HikariPool-1 housekeeper" daemon [_thread_blocked, id=25008, stack(0x000000881b600000,0x000000881b700000)]
  0x000001d8c6c10b30 JavaThread "http-nio-8080-exec-1" daemon [_thread_blocked, id=14164, stack(0x000000881bf00000,0x000000881c000000)]
  0x000001d8c6c149c0 JavaThread "http-nio-8080-exec-2" daemon [_thread_blocked, id=29368, stack(0x000000881c000000,0x000000881c100000)]
  0x000001d8c6c17040 JavaThread "http-nio-8080-exec-3" daemon [_thread_blocked, id=28924, stack(0x000000881c100000,0x000000881c200000)]
  0x000001d8c6c119a0 JavaThread "http-nio-8080-exec-4" daemon [_thread_blocked, id=3428, stack(0x000000881c200000,0x000000881c300000)]
  0x000001d8c6c11000 JavaThread "http-nio-8080-exec-5" daemon [_thread_blocked, id=24384, stack(0x000000881c300000,0x000000881c400000)]
  0x000001d8c6c13680 JavaThread "http-nio-8080-exec-6" daemon [_thread_blocked, id=3208, stack(0x000000881c400000,0x000000881c500000)]
  0x000001d8c6c15360 JavaThread "http-nio-8080-exec-7" daemon [_thread_blocked, id=10508, stack(0x000000881c500000,0x000000881c600000)]
  0x000001d8c6c11e70 JavaThread "http-nio-8080-exec-8" daemon [_thread_blocked, id=592, stack(0x000000881c600000,0x000000881c700000)]
  0x000001d8c6c161d0 JavaThread "http-nio-8080-exec-9" daemon [_thread_blocked, id=15656, stack(0x000000881c700000,0x000000881c800000)]
  0x000001d8c6c14020 JavaThread "http-nio-8080-exec-10" daemon [_thread_blocked, id=31904, stack(0x000000881c800000,0x000000881c900000)]
  0x000001d8c6c114d0 JavaThread "http-nio-8080-Poller" daemon [_thread_blocked, id=21324, stack(0x000000881c900000,0x000000881ca00000)]
  0x000001d8c6c10660 JavaThread "http-nio-8080-Acceptor" daemon [_thread_in_native, id=3300, stack(0x000000881ca00000,0x000000881cb00000)]
  0x000001d8c6c13b50 JavaThread "DestroyJavaVM" [_thread_blocked, id=24108, stack(0x0000008819a00000,0x0000008819b00000)]
  0x000001d8c6c131b0 JavaThread "HikariPool-1 connection closer" daemon [_thread_blocked, id=32252, stack(0x0000008819700000,0x0000008819800000)]
  0x000001d8c6c0fcc0 JavaThread "HikariPool-1 connection adder" daemon [_thread_blocked, id=18416, stack(0x0000008819800000,0x0000008819900000)]

Other Threads:
  0x000001d8c1294490 VMThread "VM Thread" [stack: 0x000000881a000000,0x000000881a100000] [id=29024]
  0x000001d8c1fd0bd0 WatcherThread [stack: 0x000000881ad00000,0x000000881ae00000] [id=27388]
  0x000001d89e2c2700 GCTaskThread "GC Thread#0" [stack: 0x0000008819b00000,0x0000008819c00000] [id=2012]
  0x000001d8c319d620 GCTaskThread "GC Thread#1" [stack: 0x000000881ae00000,0x000000881af00000] [id=16528]
  0x000001d8c30fe230 GCTaskThread "GC Thread#2" [stack: 0x000000881af00000,0x000000881b000000] [id=22508]
  0x000001d8c32db910 GCTaskThread "GC Thread#3" [stack: 0x000000881b000000,0x000000881b100000] [id=5804]
  0x000001d8c2c5f3e0 GCTaskThread "GC Thread#4" [stack: 0x000000881b100000,0x000000881b200000] [id=18064]
  0x000001d8c233a920 GCTaskThread "GC Thread#5" [stack: 0x000000881b200000,0x000000881b300000] [id=16456]
=>0x000001d8c25bead0 GCTaskThread "GC Thread#6" [stack: 0x000000881b300000,0x000000881b400000] [id=18420]
  0x000001d8c3642bd0 GCTaskThread "GC Thread#7" [stack: 0x000000881b500000,0x000000881b600000] [id=30096]
  0x000001d89e2d3690 ConcurrentGCThread "G1 Main Marker" [stack: 0x0000008819c00000,0x0000008819d00000] [id=3288]
  0x000001d89e2d48e0 ConcurrentGCThread "G1 Conc#0" [stack: 0x0000008819d00000,0x0000008819e00000] [id=13480]
  0x000001d8c3643bf0 ConcurrentGCThread "G1 Conc#1" [stack: 0x000000881b700000,0x000000881b800000] [id=21132]
  0x000001d89e31e3f0 ConcurrentGCThread "G1 Refine#0" [stack: 0x0000008819e00000,0x0000008819f00000] [id=17816]
  0x000001d8c114e130 ConcurrentGCThread "G1 Service" [stack: 0x0000008819f00000,0x000000881a000000] [id=15468]

Threads with active compile tasks:
C2 CompilerThread0  24899572 7617       4       java.lang.Class::reflectionData (43 bytes)

VM state: at safepoint (normal execution)

VM Mutex/Monitor currently owned by a thread:  ([mutex/lock_event])
[0x000001d89e2527e0] Threads_lock - owner thread: 0x000001d8c1294490
[0x000001d89e252870] Heap_lock - owner thread: 0x000001d8c6c0fcc0

Heap address: 0x0000000700800000, size: 4088 MB, Compressed Oops mode: Zero based, Oop shift amount: 3

CDS archive(s) mapped at: [0x0000000800000000-0x0000000800bc0000-0x0000000800bc0000), size 12320768, SharedBaseAddress: 0x0000000800000000, ArchiveRelocationMode: 0.
Compressed class space mapped at: 0x0000000800c00000-0x0000000840c00000, reserved size: 1073741824
Narrow klass base: 0x0000000800000000, Narrow klass shift: 0, Narrow klass range: 0x100000000

GC Precious Log:
 CPUs: 8 total, 8 available
 Memory: 16351M
 Large Page Support: Disabled
 NUMA Support: Disabled
 Compressed Oops: Enabled (Zero based)
 Heap Region Size: 2M
 Heap Min Capacity: 8M
 Heap Initial Capacity: 256M
 Heap Max Capacity: 4088M
 Pre-touch: Disabled
 Parallel Workers: 8
 Concurrent Workers: 2
 Concurrent Refinement Workers: 8
 Periodic GC: Disabled

Heap:
 garbage-first heap   total 59392K, used 48459K [0x0000000700800000, 0x0000000800000000)
  region size 2048K, 10 young (20480K), 1 survivors (2048K)
 Metaspace       used 66549K, committed 67072K, reserved 1114112K
  class space    used 8845K, committed 9152K, reserved 1048576K

Heap Regions: E=young(eden), S=young(survivor), O=old, HS=humongous(starts), HC=humongous(continues), CS=collection set, F=free, OA=open archive, CA=closed archive, TAMS=top-at-mark-start (previous, next)
|   0|0x0000000700800000, 0x0000000700a00000, 0x0000000700a00000|100%| O|  |TAMS 0x0000000700a00000, 0x0000000700800000| Untracked 
|   1|0x0000000700a00000, 0x0000000700c00000, 0x0000000700c00000|100%| O|  |TAMS 0x0000000700c00000, 0x0000000700a00000| Untracked 
|   2|0x0000000700c00000, 0x0000000700e00000, 0x0000000700e00000|100%| O|  |TAMS 0x0000000700e00000, 0x0000000700c00000| Untracked 
|   3|0x0000000700e00000, 0x0000000701000000, 0x0000000701000000|100%| O|  |TAMS 0x0000000701000000, 0x0000000700e00000| Untracked 
|   4|0x0000000701000000, 0x0000000701200000, 0x0000000701200000|100%| O|  |TAMS 0x0000000701200000, 0x0000000701000000| Untracked 
|   5|0x0000000701200000, 0x0000000701400000, 0x0000000701400000|100%| O|  |TAMS 0x0000000701400000, 0x0000000701200000| Untracked 
|   6|0x0000000701400000, 0x0000000701600000, 0x0000000701600000|100%| O|  |TAMS 0x0000000701600000, 0x0000000701400000| Untracked 
|   7|0x0000000701600000, 0x0000000701800000, 0x0000000701800000|100%| O|  |TAMS 0x0000000701800000, 0x0000000701600000| Untracked 
|   8|0x0000000701800000, 0x0000000701a00000, 0x0000000701a00000|100%| O|  |TAMS 0x0000000701a00000, 0x0000000701800000| Untracked 
|   9|0x0000000701a00000, 0x0000000701a00000, 0x0000000701c00000|  0%| F|  |TAMS 0x0000000701a00000, 0x0000000701a00000| Untracked 
|  10|0x0000000701c00000, 0x0000000701e00000, 0x0000000701e00000|100%| O|  |TAMS 0x0000000701e00000, 0x0000000701c00000| Untracked 
|  11|0x0000000701e00000, 0x0000000702000000, 0x0000000702000000|100%| O|  |TAMS 0x0000000702000000, 0x0000000701e00000| Complete 
|  12|0x0000000702000000, 0x0000000702200000, 0x0000000702200000|100%| O|  |TAMS 0x0000000702200000, 0x0000000702000000| Complete 
|  13|0x0000000702200000, 0x0000000702400000, 0x0000000702400000|100%| O|  |TAMS 0x0000000702400000, 0x0000000702200000| Untracked 
|  14|0x0000000702400000, 0x00000007025d0400, 0x0000000702600000| 90%| O|  |TAMS 0x00000007025d0400, 0x0000000702400000| Untracked 
|  15|0x0000000702600000, 0x0000000702600000, 0x0000000702800000|  0%| F|  |TAMS 0x0000000702600000, 0x0000000702600000| Untracked 
|  16|0x0000000702800000, 0x0000000702800000, 0x0000000702a00000|  0%| F|  |TAMS 0x0000000702800000, 0x0000000702800000| Untracked 
|  17|0x0000000702a00000, 0x0000000702a00000, 0x0000000702c00000|  0%| F|  |TAMS 0x0000000702a00000, 0x0000000702a00000| Untracked 
|  18|0x0000000702c00000, 0x0000000702d82a68, 0x0000000702e00000| 75%| E|CS|TAMS 0x0000000702c00000, 0x0000000702c00000| Complete 
|  19|0x0000000702e00000, 0x0000000702fc0b10, 0x0000000703000000| 87%| S|  |TAMS 0x0000000702e00000, 0x0000000702e00000| Complete 
|  20|0x0000000703000000, 0x0000000703200000, 0x0000000703200000|100%| E|CS|TAMS 0x0000000703000000, 0x0000000703000000| Complete 
|  21|0x0000000703200000, 0x0000000703400000, 0x0000000703400000|100%| E|CS|TAMS 0x0000000703200000, 0x0000000703200000| Complete 
|  22|0x0000000703400000, 0x0000000703600000, 0x0000000703600000|100%| E|CS|TAMS 0x0000000703400000, 0x0000000703400000| Complete 
|  23|0x0000000703600000, 0x0000000703800000, 0x0000000703800000|100%| E|CS|TAMS 0x0000000703600000, 0x0000000703600000| Complete 
|  24|0x0000000703800000, 0x0000000703a00000, 0x0000000703a00000|100%| E|CS|TAMS 0x0000000703800000, 0x0000000703800000| Complete 
|  95|0x000000070c600000, 0x000000070c800000, 0x000000070c800000|100%| E|CS|TAMS 0x000000070c600000, 0x000000070c600000| Complete 
|  96|0x000000070c800000, 0x000000070ca00000, 0x000000070ca00000|100%| E|CS|TAMS 0x000000070c800000, 0x000000070c800000| Complete 
|  97|0x000000070ca00000, 0x000000070cc00000, 0x000000070cc00000|100%| E|CS|TAMS 0x000000070ca00000, 0x000000070ca00000| Complete 
| 127|0x0000000710600000, 0x0000000710800000, 0x0000000710800000|100%| E|CS|TAMS 0x0000000710600000, 0x0000000710600000| Complete 

Card table byte_map: [0x000001d8b5880000,0x000001d8b6080000] _byte_map_base: 0x000001d8b207c000

Marking Bits (Prev, Next): (CMBitMap*) 0x000001d89e2c2d50, (CMBitMap*) 0x000001d89e2c2d10
 Prev Bits: [0x000001d8ba860000, 0x000001d8be840000)
 Next Bits: [0x000001d8b6880000, 0x000001d8ba860000)

Polling page: 0x000001d89c150000

Metaspace:

Usage:
  Non-class:     56.35 MB used.
      Class:      8.64 MB used.
       Both:     64.99 MB used.

Virtual space:
  Non-class space:       64.00 MB reserved,      56.56 MB ( 88%) committed,  8 nodes.
      Class space:        1.00 GB reserved,       8.94 MB ( <1%) committed,  1 nodes.
             Both:        1.06 GB reserved,      65.50 MB (  6%) committed. 

Chunk freelists:
   Non-Class:  2.54 MB
       Class:  3.08 MB
        Both:  5.61 MB

MaxMetaspaceSize: unlimited
CompressedClassSpaceSize: 1.00 GB
Initial GC threshold: 21.00 MB
Current GC threshold: 109.00 MB
CDS: on
MetaspaceReclaimPolicy: balanced
 - commit_granule_bytes: 65536.
 - commit_granule_words: 8192.
 - virtual_space_node_default_size: 1048576.
 - enlarge_chunks_in_place: 1.
 - new_chunks_are_fully_committed: 0.
 - uncommit_free_chunks: 1.
 - use_allocation_guard: 0.
 - handle_deallocations: 1.


Internal statistics:

num_allocs_failed_limit: 9.
num_arena_births: 714.
num_arena_deaths: 224.
num_vsnodes_births: 9.
num_vsnodes_deaths: 0.
num_space_committed: 1048.
num_space_uncommitted: 0.
num_chunks_returned_to_freelist: 260.
num_chunks_taken_from_freelist: 3062.
num_chunk_merges: 92.
num_chunk_splits: 2182.
num_chunks_enlarged: 1723.
num_purges: 4.
num_inconsistent_stats: 0.

CodeHeap 'non-profiled nmethods': size=120000Kb used=5117Kb max_used=5117Kb free=114883Kb
 bounds [0x000001d8ad820000, 0x000001d8add20000, 0x000001d8b4d50000]
CodeHeap 'profiled nmethods': size=120000Kb used=13355Kb max_used=13355Kb free=106644Kb
 bounds [0x000001d8a5d50000, 0x000001d8a6a60000, 0x000001d8ad280000]
CodeHeap 'non-nmethods': size=5760Kb used=1362Kb max_used=1431Kb free=4397Kb
 bounds [0x000001d8ad280000, 0x000001d8ad4f0000, 0x000001d8ad820000]
 total_blobs=7481 nmethods=6781 adapters=612
 compilation: enabled
              stopped_count=0, restarted_count=0
 full_count=0

Compilation events (20 events):
Event: 24831.313 Thread 0x000001d8c12bc7f0 nmethod 7607 0x000001d8a6a5be10 code [0x000001d8a6a5bfc0, 0x000001d8a6a5c2d8]
Event: 24831.313 Thread 0x000001d8c12bc7f0 7608       3       java.net.InetAddress$InetAddressHolder::<init> (5 bytes)
Event: 24831.313 Thread 0x000001d8c12bc7f0 nmethod 7608 0x000001d8a6a5c410 code [0x000001d8a6a5c5a0, 0x000001d8a6a5c6f8]
Event: 24831.375 Thread 0x000001d8c12b7490 7609       4       sun.security.ssl.HandshakeOutStream::checkOverflow (42 bytes)
Event: 24831.376 Thread 0x000001d8c12b7490 nmethod 7609 0x000001d8add1aa10 code [0x000001d8add1ab80, 0x000001d8add1abf8]
Event: 24831.413 Thread 0x000001d8c12b7490 7610   !   4       sun.nio.ch.NioSocketImpl::tryRead (87 bytes)
Event: 24831.448 Thread 0x000001d8c12b7490 nmethod 7610 0x000001d8add1ad10 code [0x000001d8add1af40, 0x000001d8add1bac0]
Event: 24844.666 Thread 0x000001d8c12bc7f0 7611       3       java.util.ImmutableCollections::listFromArray (39 bytes)
Event: 24844.667 Thread 0x000001d8c12bc7f0 nmethod 7611 0x000001d8a6a5c790 code [0x000001d8a6a5c9a0, 0x000001d8a6a5d1a8]
Event: 24849.668 Thread 0x000001d8c12b7490 7612       4       java.util.concurrent.atomic.AtomicLong::addAndGet (14 bytes)
Event: 24849.669 Thread 0x000001d8c12b7490 nmethod 7612 0x000001d8add1c890 code [0x000001d8add1ca00, 0x000001d8add1ca98]
Event: 24874.461 Thread 0x000001d8c12b7490 7613       4       java.math.MutableBigInteger::normalize (91 bytes)
Event: 24874.463 Thread 0x000001d8c12b7490 nmethod 7613 0x000001d8add1cb90 code [0x000001d8add1cd20, 0x000001d8add1cf38]
Event: 24876.922 Thread 0x000001d8c12bc7f0 7614       3       java.util.concurrent.LinkedBlockingQueue$Node::<init> (10 bytes)
Event: 24876.923 Thread 0x000001d8c12bc7f0 nmethod 7614 0x000001d8a6a5d490 code [0x000001d8a6a5d620, 0x000001d8a6a5d7d8]
Event: 24886.026 Thread 0x000001d8c12b7490 7615 %     4       com.sun.crypto.provider.AESCrypt::makeSessionKey @ 629 (899 bytes)
Event: 24886.060 Thread 0x000001d8c12b7490 nmethod 7615% 0x000001d8add1d090 code [0x000001d8add1d280, 0x000001d8add1e5f8]
Event: 24899.351 Thread 0x000001d8c12b7490 7616       4       java.util.concurrent.atomic.AtomicLong::compareAndSet (13 bytes)
Event: 24899.352 Thread 0x000001d8c12b7490 nmethod 7616 0x000001d8add1f110 code [0x000001d8add1f280, 0x000001d8add1f318]
Event: 24899.352 Thread 0x000001d8c12b7490 7617       4       java.lang.Class::reflectionData (43 bytes)

GC Heap History (20 events):
Event: 9.319 GC heap after
{Heap after GC invocations=14 (full 0):
 garbage-first heap   total 55296K, used 21859K [0x0000000700800000, 0x0000000800000000)
  region size 2048K, 2 young (4096K), 2 survivors (4096K)
 Metaspace       used 54399K, committed 54848K, reserved 1097728K
  class space    used 7265K, committed 7488K, reserved 1048576K
}
Event: 9.606 GC heap before
{Heap before GC invocations=14 (full 0):
 garbage-first heap   total 55296K, used 40291K [0x0000000700800000, 0x0000000800000000)
  region size 2048K, 11 young (22528K), 2 survivors (4096K)
 Metaspace       used 56671K, committed 57152K, reserved 1105920K
  class space    used 7600K, committed 7808K, reserved 1048576K
}
Event: 9.608 GC heap after
{Heap after GC invocations=15 (full 0):
 garbage-first heap   total 55296K, used 22916K [0x0000000700800000, 0x0000000800000000)
  region size 2048K, 2 young (4096K), 2 survivors (4096K)
 Metaspace       used 56671K, committed 57152K, reserved 1105920K
  class space    used 7600K, committed 7808K, reserved 1048576K
}
Event: 9.972 GC heap before
{Heap before GC invocations=15 (full 0):
 garbage-first heap   total 55296K, used 41348K [0x0000000700800000, 0x0000000800000000)
  region size 2048K, 11 young (22528K), 2 survivors (4096K)
 Metaspace       used 58174K, committed 58624K, reserved 1105920K
  class space    used 7804K, committed 8000K, reserved 1048576K
}
Event: 9.975 GC heap after
{Heap after GC invocations=16 (full 0):
 garbage-first heap   total 55296K, used 24202K [0x0000000700800000, 0x0000000800000000)
  region size 2048K, 2 young (4096K), 2 survivors (4096K)
 Metaspace       used 58174K, committed 58624K, reserved 1105920K
  class space    used 7804K, committed 8000K, reserved 1048576K
}
Event: 10.361 GC heap before
{Heap before GC invocations=16 (full 0):
 garbage-first heap   total 55296K, used 38538K [0x0000000700800000, 0x0000000800000000)
  region size 2048K, 10 young (20480K), 2 survivors (4096K)
 Metaspace       used 60076K, committed 60480K, reserved 1105920K
  class space    used 8058K, committed 8256K, reserved 1048576K
}
Event: 10.364 GC heap after
{Heap after GC invocations=17 (full 0):
 garbage-first heap   total 55296K, used 25792K [0x0000000700800000, 0x0000000800000000)
  region size 2048K, 2 young (4096K), 2 survivors (4096K)
 Metaspace       used 60076K, committed 60480K, reserved 1105920K
  class space    used 8058K, committed 8256K, reserved 1048576K
}
Event: 37.492 GC heap before
{Heap before GC invocations=18 (full 0):
 garbage-first heap   total 55296K, used 42176K [0x0000000700800000, 0x0000000800000000)
  region size 2048K, 10 young (20480K), 2 survivors (4096K)
 Metaspace       used 62596K, committed 63104K, reserved 1105920K
  class space    used 8466K, committed 8704K, reserved 1048576K
}
Event: 37.495 GC heap after
{Heap after GC invocations=19 (full 0):
 garbage-first heap   total 55296K, used 26734K [0x0000000700800000, 0x0000000800000000)
  region size 2048K, 2 young (4096K), 2 survivors (4096K)
 Metaspace       used 62596K, committed 63104K, reserved 1105920K
  class space    used 8466K, committed 8704K, reserved 1048576K
}
Event: 3237.522 GC heap before
{Heap before GC invocations=19 (full 0):
 garbage-first heap   total 55296K, used 41070K [0x0000000700800000, 0x0000000800000000)
  region size 2048K, 10 young (20480K), 2 survivors (4096K)
 Metaspace       used 65751K, committed 66240K, reserved 1114112K
  class space    used 8838K, committed 9088K, reserved 1048576K
}
Event: 3237.525 GC heap after
{Heap after GC invocations=20 (full 0):
 garbage-first heap   total 55296K, used 27897K [0x0000000700800000, 0x0000000800000000)
  region size 2048K, 2 young (4096K), 2 survivors (4096K)
 Metaspace       used 65751K, committed 66240K, reserved 1114112K
  class space    used 8838K, committed 9088K, reserved 1048576K
}
Event: 7105.847 GC heap before
{Heap before GC invocations=20 (full 0):
 garbage-first heap   total 55296K, used 42233K [0x0000000700800000, 0x0000000800000000)
  region size 2048K, 9 young (18432K), 2 survivors (4096K)
 Metaspace       used 66423K, committed 66944K, reserved 1114112K
  class space    used 8900K, committed 9152K, reserved 1048576K
}
Event: 7105.916 GC heap after
{Heap after GC invocations=21 (full 0):
 garbage-first heap   total 55296K, used 28886K [0x0000000700800000, 0x0000000800000000)
  region size 2048K, 2 young (4096K), 2 survivors (4096K)
 Metaspace       used 66423K, committed 66944K, reserved 1114112K
  class space    used 8900K, committed 9152K, reserved 1048576K
}
Event: 10710.528 GC heap before
{Heap before GC invocations=22 (full 0):
 garbage-first heap   total 59392K, used 41174K [0x0000000700800000, 0x0000000800000000)
  region size 2048K, 8 young (16384K), 2 survivors (4096K)
 Metaspace       used 66287K, committed 67008K, reserved 1114112K
  class space    used 8854K, committed 9152K, reserved 1048576K
}
Event: 10710.539 GC heap after
{Heap after GC invocations=23 (full 0):
 garbage-first heap   total 59392K, used 29608K [0x0000000700800000, 0x0000000800000000)
  region size 2048K, 1 young (2048K), 1 survivors (2048K)
 Metaspace       used 66287K, committed 67008K, reserved 1114112K
  class space    used 8854K, committed 9152K, reserved 1048576K
}
Event: 12437.226 GC heap before
{Heap before GC invocations=23 (full 0):
 garbage-first heap   total 59392K, used 31656K [0x0000000700800000, 0x0000000800000000)
  region size 2048K, 2 young (4096K), 1 survivors (2048K)
 Metaspace       used 66293K, committed 67008K, reserved 1114112K
  class space    used 8854K, committed 9152K, reserved 1048576K
}
Event: 12437.240 GC heap after
{Heap after GC invocations=24 (full 0):
 garbage-first heap   total 59392K, used 28845K [0x0000000700800000, 0x0000000800000000)
  region size 2048K, 1 young (2048K), 1 survivors (2048K)
 Metaspace       used 66293K, committed 67008K, reserved 1114112K
  class space    used 8854K, committed 9152K, reserved 1048576K
}
Event: 18031.837 GC heap before
{Heap before GC invocations=24 (full 0):
 garbage-first heap   total 59392K, used 47277K [0x0000000700800000, 0x0000000800000000)
  region size 2048K, 10 young (20480K), 1 survivors (2048K)
 Metaspace       used 66442K, committed 67008K, reserved 1114112K
  class space    used 8854K, committed 9152K, reserved 1048576K
}
Event: 18031.900 GC heap after
{Heap after GC invocations=25 (full 0):
 garbage-first heap   total 59392K, used 30027K [0x0000000700800000, 0x0000000800000000)
  region size 2048K, 1 young (2048K), 1 survivors (2048K)
 Metaspace       used 66442K, committed 67008K, reserved 1114112K
  class space    used 8854K, committed 9152K, reserved 1048576K
}
Event: 24899.354 GC heap before
{Heap before GC invocations=26 (full 0):
 garbage-first heap   total 59392K, used 48459K [0x0000000700800000, 0x0000000800000000)
  region size 2048K, 10 young (20480K), 1 survivors (2048K)
 Metaspace       used 66549K, committed 67072K, reserved 1114112K
  class space    used 8845K, committed 9152K, reserved 1048576K
}

Dll operation events (13 events):
Event: 0.119 Loaded shared library C:\Users\saidh\.jdks\corretto-17.0.6\bin\java.dll
Event: 0.137 Loaded shared library C:\Users\saidh\.jdks\corretto-17.0.6\bin\jsvml.dll
Event: 0.421 Loaded shared library C:\Users\saidh\.jdks\corretto-17.0.6\bin\zip.dll
Event: 0.545 Loaded shared library C:\Users\saidh\.jdks\corretto-17.0.6\bin\instrument.dll
Event: 0.556 Loaded shared library C:\Users\saidh\.jdks\corretto-17.0.6\bin\net.dll
Event: 0.558 Loaded shared library C:\Users\saidh\.jdks\corretto-17.0.6\bin\nio.dll
Event: 0.561 Loaded shared library C:\Users\saidh\.jdks\corretto-17.0.6\bin\zip.dll
Event: 1.471 Loaded shared library C:\Program Files\JetBrains\IntelliJ IDEA Community Edition 2022.3.2\bin\breakgen64.dll
Event: 1.519 Loaded shared library C:\Users\saidh\.jdks\corretto-17.0.6\bin\jimage.dll
Event: 3.200 Loaded shared library C:\Users\saidh\.jdks\corretto-17.0.6\bin\verify.dll
Event: 6.280 Loaded shared library C:\Users\saidh\.jdks\corretto-17.0.6\bin\sunmscapi.dll
Event: 6.303 Loaded shared library C:\Users\saidh\.jdks\corretto-17.0.6\bin\management.dll
Event: 6.305 Loaded shared library C:\Users\saidh\.jdks\corretto-17.0.6\bin\management_ext.dll

Deoptimization events (20 events):
Event: 18031.948 Thread 0x000001d8c129b430 Uncommon trap: trap_request=0xffffff45 fr.pc=0x000001d8adc6e7b8 relative=0x0000000000000298
Event: 18031.948 Thread 0x000001d8c129b430 Uncommon trap: reason=unstable_if action=reinterpret pc=0x000001d8adc6e7b8 method=java.lang.ref.ReferenceQueue.reallyPoll()Ljava/lang/ref/Reference; @ 54 c2
Event: 18031.948 Thread 0x000001d8c129b430 DEOPT PACKING pc=0x000001d8adc6e7b8 sp=0x000000881a2fef70
Event: 18031.948 Thread 0x000001d8c129b430 DEOPT UNPACKING pc=0x000001d8ad2d69a3 sp=0x000000881a2fef10 mode 2
Event: 18031.948 Thread 0x000001d8c129b430 Uncommon trap: trap_request=0xffffff45 fr.pc=0x000001d8adcdac5c relative=0x000000000000091c
Event: 18031.948 Thread 0x000001d8c129b430 Uncommon trap: reason=unstable_if action=reinterpret pc=0x000001d8adcdac5c method=java.lang.ref.ReferenceQueue.reallyPoll()Ljava/lang/ref/Reference; @ 54 c2
Event: 18031.948 Thread 0x000001d8c129b430 DEOPT PACKING pc=0x000001d8adcdac5c sp=0x000000881a2fefd0
Event: 18031.948 Thread 0x000001d8c129b430 DEOPT UNPACKING pc=0x000001d8ad2d69a3 sp=0x000000881a2fef08 mode 2
Event: 19513.748 Thread 0x000001d8c6c166a0 Uncommon trap: trap_request=0xfffffff4 fr.pc=0x000001d8ad99f850 relative=0x0000000000000770
Event: 19513.748 Thread 0x000001d8c6c166a0 Uncommon trap: reason=null_check action=make_not_entrant pc=0x000001d8ad99f850 method=java.lang.Class.reflectionData()Ljava/lang/Class$ReflectionData; @ 18 c2
Event: 19513.748 Thread 0x000001d8c6c166a0 DEOPT PACKING pc=0x000001d8ad99f850 sp=0x00000088198fe8b0
Event: 19513.748 Thread 0x000001d8c6c166a0 DEOPT UNPACKING pc=0x000001d8ad2d69a3 sp=0x00000088198fe860 mode 2
Event: 19513.774 Thread 0x000001d8c6c166a0 Uncommon trap: trap_request=0xfffffff4 fr.pc=0x000001d8adc0171c relative=0x00000000000015fc
Event: 19513.774 Thread 0x000001d8c6c166a0 Uncommon trap: reason=null_check action=make_not_entrant pc=0x000001d8adc0171c method=sun.security.util.DisabledAlgorithmConstraints.cachedCheckAlgorithm(Ljava/lang/String;)Z @ 7 c2
Event: 19513.774 Thread 0x000001d8c6c166a0 DEOPT PACKING pc=0x000001d8adc0171c sp=0x00000088198fe410
Event: 19513.837 Thread 0x000001d8c6c166a0 DEOPT UNPACKING pc=0x000001d8ad2d69a3 sp=0x00000088198fe380 mode 2
Event: 19513.837 Thread 0x000001d8c6c166a0 Uncommon trap: trap_request=0xfffffff4 fr.pc=0x000001d8adc03400 relative=0x0000000000000900
Event: 19513.837 Thread 0x000001d8c6c166a0 Uncommon trap: reason=null_check action=make_not_entrant pc=0x000001d8adc03400 method=sun.security.util.DisabledAlgorithmConstraints.cachedCheckAlgorithm(Ljava/lang/String;)Z @ 7 c2
Event: 19513.837 Thread 0x000001d8c6c166a0 DEOPT PACKING pc=0x000001d8adc03400 sp=0x00000088198fe390
Event: 19513.837 Thread 0x000001d8c6c166a0 DEOPT UNPACKING pc=0x000001d8ad2d69a3 sp=0x00000088198fe368 mode 2

Classes unloaded (20 events):
Event: 18031.937 Thread 0x000001d8c1294490 Unloading class 0x00000008014f5400 'jdk/internal/reflect/GeneratedConstructorAccessor37'
Event: 18031.937 Thread 0x000001d8c1294490 Unloading class 0x000000080147a400 'java/lang/invoke/LambdaForm$MH+0x000000080147a400'
Event: 18031.937 Thread 0x000001d8c1294490 Unloading class 0x000000080147a000 'java/lang/invoke/LambdaForm$MH+0x000000080147a000'
Event: 18031.937 Thread 0x000001d8c1294490 Unloading class 0x0000000801479c00 'java/lang/invoke/LambdaForm$MH+0x0000000801479c00'
Event: 18031.937 Thread 0x000001d8c1294490 Unloading class 0x0000000801479800 'java/lang/invoke/LambdaForm$MH+0x0000000801479800'
Event: 18031.937 Thread 0x000001d8c1294490 Unloading class 0x0000000801479400 'java/lang/invoke/LambdaForm$MH+0x0000000801479400'
Event: 18031.937 Thread 0x000001d8c1294490 Unloading class 0x0000000801479000 'java/lang/invoke/LambdaForm$MH+0x0000000801479000'
Event: 18031.937 Thread 0x000001d8c1294490 Unloading class 0x0000000801478c00 'java/lang/invoke/LambdaForm$MH+0x0000000801478c00'
Event: 18031.937 Thread 0x000001d8c1294490 Unloading class 0x0000000801478800 'java/lang/invoke/LambdaForm$MH+0x0000000801478800'
Event: 18031.937 Thread 0x000001d8c1294490 Unloading class 0x0000000801478400 'java/lang/invoke/LambdaForm$MH+0x0000000801478400'
Event: 18031.937 Thread 0x000001d8c1294490 Unloading class 0x0000000801478000 'java/lang/invoke/LambdaForm$MH+0x0000000801478000'
Event: 18031.937 Thread 0x000001d8c1294490 Unloading class 0x0000000801430400 'jdk/internal/reflect/GeneratedConstructorAccessor34'
Event: 18031.937 Thread 0x000001d8c1294490 Unloading class 0x00000008010e8400 'jdk/internal/reflect/GeneratedConstructorAccessor29'
Event: 18031.937 Thread 0x000001d8c1294490 Unloading class 0x0000000800c21400 'java/lang/invoke/LambdaForm$MH+0x0000000800c21400'
Event: 18031.937 Thread 0x000001d8c1294490 Unloading class 0x0000000800c21000 'java/lang/invoke/LambdaForm$MH+0x0000000800c21000'
Event: 18031.937 Thread 0x000001d8c1294490 Unloading class 0x0000000800c20c00 'java/lang/invoke/LambdaForm$MH+0x0000000800c20c00'
Event: 18031.937 Thread 0x000001d8c1294490 Unloading class 0x0000000800c20800 'java/lang/invoke/LambdaForm$MH+0x0000000800c20800'
Event: 18031.937 Thread 0x000001d8c1294490 Unloading class 0x0000000800c20400 'java/lang/invoke/LambdaForm$MH+0x0000000800c20400'
Event: 18031.937 Thread 0x000001d8c1294490 Unloading class 0x0000000800c20000 'java/lang/invoke/LambdaForm$MH+0x0000000800c20000'
Event: 18031.937 Thread 0x000001d8c1294490 Unloading class 0x0000000800c10000 'java/lang/invoke/LambdaForm$MH+0x0000000800c10000'

Classes redefined (0 events):
No events

Internal exceptions (20 events):
Event: 9.941 Thread 0x000001d89e256f80 Exception <a 'java/lang/NoSuchMethodError'{0x0000000702fd0be0}: 'void java.lang.invoke.DirectMethodHandle$Holder.invokeVirtual(java.lang.Object, java.lang.Object, long)'> (0x0000000702fd0be0) 
thrown [s\src\hotspot\share\interpreter\linkResolver.cpp, line 759]
Event: 10.052 Thread 0x000001d89e256f80 Exception <a 'java/lang/IncompatibleClassChangeError'{0x000000070cbdff48}: Found class java.lang.Object, but interface was expected> (0x000000070cbdff48) 
thrown [s\src\hotspot\share\interpreter\linkResolver.cpp, line 826]
Event: 10.346 Thread 0x000001d89e256f80 Implicit null exception at 0x000001d8ad92cd3d to 0x000001d8ad92cdfa
Event: 10.480 Thread 0x000001d89e256f80 Exception <a 'java/lang/NoSuchMethodError'{0x000000070c666928}: 'java.lang.Object java.lang.invoke.DirectMethodHandle$Holder.newInvokeSpecial(java.lang.Object, java.lang.Object, int, java.lang.Object, java.lang.Object)'> (0x000000070c666928) 
thrown [s\src\hotspot\share\interpreter\linkResolver.cpp, line 759]
Event: 10.481 Thread 0x000001d89e256f80 Exception <a 'java/lang/NoSuchMethodError'{0x000000070c671fa0}: 'java.lang.Object java.lang.invoke.DirectMethodHandle$Holder.invokeSpecial(java.lang.Object, java.lang.Object, int, java.lang.Object, int, java.lang.Object)'> (0x000000070c671fa0) 
thrown [s\src\hotspot\share\interpreter\linkResolver.cpp, line 759]
Event: 10.481 Thread 0x000001d89e256f80 Exception <a 'java/lang/NoSuchMethodError'{0x000000070c679da8}: 'java.lang.Object java.lang.invoke.DirectMethodHandle$Holder.newInvokeSpecial(java.lang.Object, java.lang.Object, int, java.lang.Object, int)'> (0x000000070c679da8) 
thrown [s\src\hotspot\share\interpreter\linkResolver.cpp, line 759]
Event: 10.482 Thread 0x000001d89e256f80 Exception <a 'java/lang/NoSuchMethodError'{0x000000070c67dea8}: 'java.lang.Object java.lang.invoke.DirectMethodHandle$Holder.invokeSpecial(java.lang.Object, java.lang.Object, java.lang.Object, int, java.lang.Object, int)'> (0x000000070c67dea8) 
thrown [s\src\hotspot\share\interpreter\linkResolver.cpp, line 759]
Event: 27.045 Thread 0x000001d8c6c10b30 Exception <a 'java/lang/NoSuchMethodError'{0x00000007033581c8}: 'java.lang.Object java.lang.invoke.DirectMethodHandle$Holder.invokeSpecial(java.lang.Object, java.lang.Object, java.lang.Object, java.lang.Object, java.lang.Object, long)'> (0x00000007033581c8) 
thrown [s\src\hotspot\share\interpreter\linkResolver.cpp, line 759]
Event: 27.046 Thread 0x000001d8c6c10b30 Exception <a 'java/lang/NoSuchMethodError'{0x000000070335bc08}: 'java.lang.Object java.lang.invoke.Invokers$Holder.linkToTargetMethod(java.lang.Object, java.lang.Object, java.lang.Object, long, java.lang.Object)'> (0x000000070335bc08) 
thrown [s\src\hotspot\share\interpreter\linkResolver.cpp, line 759]
Event: 64.654 Thread 0x000001d8c6c161d0 Exception <a 'java/lang/NoSuchMethodError'{0x000000070c95c2f0}: 'java.lang.Object java.lang.invoke.DirectMethodHandle$Holder.invokeInterface(java.lang.Object, java.lang.Object, java.lang.Object, java.lang.Object)'> (0x000000070c95c2f0) 
thrown [s\src\hotspot\share\interpreter\linkResolver.cpp, line 759]
Event: 64.659 Thread 0x000001d8c6c161d0 Exception <a 'java/lang/NoSuchMethodError'{0x000000070c9a5640}: 'java.lang.Object java.lang.invoke.DirectMethodHandle$Holder.invokeInterface(java.lang.Object, java.lang.Object, int)'> (0x000000070c9a5640) 
thrown [s\src\hotspot\share\interpreter\linkResolver.cpp, line 759]
Event: 64.662 Thread 0x000001d8c6c161d0 Exception <a 'java/lang/IncompatibleClassChangeError'{0x000000070c9dc2b8}: Found class java.lang.Object, but interface was expected> (0x000000070c9dc2b8) 
thrown [s\src\hotspot\share\interpreter\linkResolver.cpp, line 826]
Event: 5387.515 Thread 0x000001d8c12b01d0 Implicit null exception at 0x000001d8adc6379b to 0x000001d8adc63a34
Event: 5388.509 Thread 0x000001d8c12b01d0 Implicit null exception at 0x000001d8adc6379b to 0x000001d8adc63a34
Event: 5389.520 Thread 0x000001d8c12b01d0 Implicit null exception at 0x000001d8adc6379b to 0x000001d8adc63a34
Event: 5390.511 Thread 0x000001d8c12b01d0 Implicit null exception at 0x000001d8adc6379b to 0x000001d8adc63a34
Event: 13490.572 Thread 0x000001d8c12b2850 Implicit null exception at 0x000001d8adae4c4f to 0x000001d8adaeb980
Event: 19513.748 Thread 0x000001d8c6c166a0 Implicit null exception at 0x000001d8ad99f132 to 0x000001d8ad99f840
Event: 19513.774 Thread 0x000001d8c6c166a0 Implicit null exception at 0x000001d8adc001fc to 0x000001d8adc01704
Event: 19513.837 Thread 0x000001d8c6c166a0 Implicit null exception at 0x000001d8adc02b45 to 0x000001d8adc033ec

VM Operations (20 events):
Event: 21302.669 Executing VM operation: Cleanup done
Event: 21315.741 Executing VM operation: Cleanup
Event: 21315.741 Executing VM operation: Cleanup done
Event: 21328.859 Executing VM operation: Cleanup
Event: 21328.859 Executing VM operation: Cleanup done
Event: 21344.971 Executing VM operation: Cleanup
Event: 21344.971 Executing VM operation: Cleanup done
Event: 21360.074 Executing VM operation: Cleanup
Event: 21360.074 Executing VM operation: Cleanup done
Event: 21366.111 Executing VM operation: Cleanup
Event: 21366.111 Executing VM operation: Cleanup done
Event: 23063.589 Executing VM operation: Cleanup
Event: 23063.590 Executing VM operation: Cleanup done
Event: 23153.218 Executing VM operation: Cleanup
Event: 23153.218 Executing VM operation: Cleanup done
Event: 23165.301 Executing VM operation: Cleanup
Event: 23165.301 Executing VM operation: Cleanup done
Event: 24831.977 Executing VM operation: Cleanup
Event: 24831.977 Executing VM operation: Cleanup done
Event: 24899.353 Executing VM operation: G1CollectForAllocation

Events (20 events):
Event: 24798.956 Thread 0x000001d8c6c166a0 Thread exited: 0x000001d8c6c166a0
Event: 24799.018 Thread 0x000001d8c6c15830 Thread exited: 0x000001d8c6c15830
Event: 24831.308 Thread 0x000001d8c6c131b0 Thread added: 0x000001d8c6c131b0
Event: 24831.308 Thread 0x000001d8c6c15830 Thread added: 0x000001d8c6c15830
Event: 24836.315 Thread 0x000001d8c6c131b0 Thread exited: 0x000001d8c6c131b0
Event: 24836.437 Thread 0x000001d8c6c15830 Thread exited: 0x000001d8c6c15830
Event: 24844.665 Thread 0x000001d8c6c0f7f0 Thread added: 0x000001d8c6c0f7f0
Event: 24844.665 Thread 0x000001d8c6c15830 Thread added: 0x000001d8c6c15830
Event: 24849.668 Thread 0x000001d8c6c0f7f0 Thread exited: 0x000001d8c6c0f7f0
Event: 24849.790 Thread 0x000001d8c6c15830 Thread exited: 0x000001d8c6c15830
Event: 24874.449 Thread 0x000001d8c6c131b0 Thread added: 0x000001d8c6c131b0
Event: 24874.449 Thread 0x000001d8c6c0fcc0 Thread added: 0x000001d8c6c0fcc0
Event: 24881.926 Thread 0x000001d8c6c131b0 Thread exited: 0x000001d8c6c131b0
Event: 24882.003 Thread 0x000001d8c6c0fcc0 Thread exited: 0x000001d8c6c0fcc0
Event: 24885.978 Thread 0x000001d8c6c15830 Thread added: 0x000001d8c6c15830
Event: 24885.978 Thread 0x000001d8c6c166a0 Thread added: 0x000001d8c6c166a0
Event: 24890.988 Thread 0x000001d8c6c15830 Thread exited: 0x000001d8c6c15830
Event: 24891.065 Thread 0x000001d8c6c166a0 Thread exited: 0x000001d8c6c166a0
Event: 24899.351 Thread 0x000001d8c6c131b0 Thread added: 0x000001d8c6c131b0
Event: 24899.351 Thread 0x000001d8c6c0fcc0 Thread added: 0x000001d8c6c0fcc0


Dynamic libraries:
0x00007ff7ea2a0000 - 0x00007ff7ea2ad000 	C:\Users\saidh\.jdks\corretto-17.0.6\bin\java.exe
0x00007ffc3f4f0000 - 0x00007ffc3f6e8000 	C:\Windows\SYSTEM32\ntdll.dll
0x00007ffc167c0000 - 0x00007ffc167d9000 	C:\Program Files\AVG\Antivirus\aswhook.dll
0x00007ffc3e0e0000 - 0x00007ffc3e19f000 	C:\Windows\System32\KERNEL32.DLL
0x00007ffc3ccf0000 - 0x00007ffc3cfe6000 	C:\Windows\System32\KERNELBASE.dll
0x00007ffc3d040000 - 0x00007ffc3d140000 	C:\Windows\System32\ucrtbase.dll
0x00007ffc32590000 - 0x00007ffc325a7000 	C:\Users\saidh\.jdks\corretto-17.0.6\bin\jli.dll
0x00007ffc3eda0000 - 0x00007ffc3ef3d000 	C:\Windows\System32\USER32.dll
0x00007ffc3d170000 - 0x00007ffc3d192000 	C:\Windows\System32\win32u.dll
0x00007ffc3eff0000 - 0x00007ffc3f01c000 	C:\Windows\System32\GDI32.dll
0x00007ffc3cbd0000 - 0x00007ffc3cce5000 	C:\Windows\System32\gdi32full.dll
0x00007ffc3d3b0000 - 0x00007ffc3d44d000 	C:\Windows\System32\msvcp_win.dll
0x00007ffc3c0a0000 - 0x00007ffc3c33a000 	C:\Windows\WinSxS\amd64_microsoft.windows.common-controls_6595b64144ccf1df_6.0.19041.1110_none_60b5254171f9507e\COMCTL32.dll
0x00007ffc3e390000 - 0x00007ffc3e42e000 	C:\Windows\System32\msvcrt.dll
0x00007ffc325b0000 - 0x00007ffc325c5000 	C:\Users\saidh\.jdks\corretto-17.0.6\bin\VCRUNTIME140.dll
0x00007ffc3e000000 - 0x00007ffc3e030000 	C:\Windows\System32\IMM32.DLL
0x00007ffc0ab50000 - 0x00007ffc0abeb000 	C:\Users\saidh\.jdks\corretto-17.0.6\bin\msvcp140.dll
0x00007ffb9d8e0000 - 0x00007ffb9e4f8000 	C:\Users\saidh\.jdks\corretto-17.0.6\bin\server\jvm.dll
0x00007ffc3e030000 - 0x00007ffc3e0df000 	C:\Windows\System32\ADVAPI32.dll
0x00007ffc3ec50000 - 0x00007ffc3ecec000 	C:\Windows\System32\sechost.dll
0x00007ffc3eab0000 - 0x00007ffc3ebd6000 	C:\Windows\System32\RPCRT4.dll
0x00007ffc2bfe0000 - 0x00007ffc2bfe9000 	C:\Windows\SYSTEM32\WSOCK32.dll
0x00007ffc3ebe0000 - 0x00007ffc3ec4b000 	C:\Windows\System32\WS2_32.dll
0x00007ffc2ee10000 - 0x00007ffc2ee37000 	C:\Windows\SYSTEM32\WINMM.dll
0x00007ffc33be0000 - 0x00007ffc33bea000 	C:\Windows\SYSTEM32\VERSION.dll
0x00007ffc3adc0000 - 0x00007ffc3add2000 	C:\Windows\SYSTEM32\kernel.appcore.dll
0x00007ffc3c560000 - 0x00007ffc3c56a000 	C:\Users\saidh\.jdks\corretto-17.0.6\bin\jimage.dll
0x00007ffc3c5e0000 - 0x00007ffc3c7c4000 	C:\Windows\SYSTEM32\DBGHELP.DLL
0x00007ffc3c520000 - 0x00007ffc3c554000 	C:\Windows\SYSTEM32\dbgcore.DLL
0x00007ffc3d4c0000 - 0x00007ffc3d542000 	C:\Windows\System32\bcryptPrimitives.dll
0x00007ffc388d0000 - 0x00007ffc388de000 	C:\Users\saidh\.jdks\corretto-17.0.6\bin\instrument.dll
0x00007ffc32560000 - 0x00007ffc32585000 	C:\Users\saidh\.jdks\corretto-17.0.6\bin\java.dll
0x00007ffba4b80000 - 0x00007ffba4c56000 	C:\Users\saidh\.jdks\corretto-17.0.6\bin\jsvml.dll
0x00007ffc3d7f0000 - 0x00007ffc3df34000 	C:\Windows\System32\SHELL32.dll
0x00007ffc39f80000 - 0x00007ffc3a714000 	C:\Windows\SYSTEM32\windows.storage.dll
0x00007ffc3e5c0000 - 0x00007ffc3e914000 	C:\Windows\System32\combase.dll
0x00007ffc3bdd0000 - 0x00007ffc3bdfe000 	C:\Windows\SYSTEM32\Wldp.dll
0x00007ffc3ef40000 - 0x00007ffc3efed000 	C:\Windows\System32\SHCORE.dll
0x00007ffc3e560000 - 0x00007ffc3e5b5000 	C:\Windows\System32\shlwapi.dll
0x00007ffc3cb00000 - 0x00007ffc3cb25000 	C:\Windows\SYSTEM32\profapi.dll
0x00007ffc32230000 - 0x00007ffc32248000 	C:\Users\saidh\.jdks\corretto-17.0.6\bin\zip.dll
0x00007ffc32540000 - 0x00007ffc32559000 	C:\Users\saidh\.jdks\corretto-17.0.6\bin\net.dll
0x00007ffc34160000 - 0x00007ffc3426a000 	C:\Windows\SYSTEM32\WINHTTP.dll
0x00007ffc3bc40000 - 0x00007ffc3bcaa000 	C:\Windows\system32\mswsock.dll
0x00007ffc32520000 - 0x00007ffc32535000 	C:\Users\saidh\.jdks\corretto-17.0.6\bin\nio.dll
0x00007ffc31f80000 - 0x00007ffc31f9a000 	C:\Program Files\JetBrains\IntelliJ IDEA Community Edition 2022.3.2\bin\breakgen64.dll
0x00007ffc17500000 - 0x00007ffc17510000 	C:\Users\saidh\.jdks\corretto-17.0.6\bin\verify.dll
0x00007ffc3c940000 - 0x00007ffc3c958000 	C:\Windows\SYSTEM32\CRYPTSP.dll
0x00007ffc3b5f0000 - 0x00007ffc3b624000 	C:\Windows\system32\rsaenh.dll
0x00007ffc3d140000 - 0x00007ffc3d167000 	C:\Windows\System32\bcrypt.dll
0x00007ffc3ca80000 - 0x00007ffc3caae000 	C:\Windows\SYSTEM32\USERENV.dll
0x00007ffc3bed0000 - 0x00007ffc3bedc000 	C:\Windows\SYSTEM32\CRYPTBASE.dll
0x00007ffc3b960000 - 0x00007ffc3b99c000 	C:\Windows\SYSTEM32\IPHLPAPI.DLL
0x00007ffc3d7e0000 - 0x00007ffc3d7e8000 	C:\Windows\System32\NSI.dll
0x00007ffc34430000 - 0x00007ffc34447000 	C:\Windows\SYSTEM32\dhcpcsvc6.DLL
0x00007ffc34d70000 - 0x00007ffc34d8d000 	C:\Windows\SYSTEM32\dhcpcsvc.DLL
0x00007ffc3b9a0000 - 0x00007ffc3ba6a000 	C:\Windows\SYSTEM32\DNSAPI.dll
0x00007ffc35bc0000 - 0x00007ffc35bce000 	C:\Users\saidh\.jdks\corretto-17.0.6\bin\sunmscapi.dll
0x00007ffc3d1a0000 - 0x00007ffc3d2fe000 	C:\Windows\System32\CRYPT32.dll
0x00007ffc3bf80000 - 0x00007ffc3bfa8000 	C:\Windows\SYSTEM32\ncrypt.dll
0x00007ffc3be90000 - 0x00007ffc3becb000 	C:\Windows\SYSTEM32\NTASN1.dll
0x00007ffc39250000 - 0x00007ffc39259000 	C:\Users\saidh\.jdks\corretto-17.0.6\bin\management.dll
0x00007ffc37100000 - 0x00007ffc3710b000 	C:\Users\saidh\.jdks\corretto-17.0.6\bin\management_ext.dll
0x00007ffc3e920000 - 0x00007ffc3e928000 	C:\Windows\System32\PSAPI.DLL
0x00007ffc2be00000 - 0x00007ffc2be0a000 	C:\Windows\System32\rasadhlp.dll
0x00007ffc2e380000 - 0x00007ffc2e402000 	C:\Windows\System32\fwpuclnt.dll
0x00007ffc21fa0000 - 0x00007ffc21fa7000 	C:\Windows\system32\wshunix.dll

dbghelp: loaded successfully - version: 4.0.5 - missing functions: none
symbol engine: initialized successfully - sym options: 0x614 - pdb path: .;C:\Users\saidh\.jdks\corretto-17.0.6\bin;C:\Windows\SYSTEM32;C:\Program Files\AVG\Antivirus;C:\Windows\WinSxS\amd64_microsoft.windows.common-controls_6595b64144ccf1df_6.0.19041.1110_none_60b5254171f9507e;C:\Users\saidh\.jdks\corretto-17.0.6\bin\server;C:\Program Files\JetBrains\IntelliJ IDEA Community Edition 2022.3.2\bin

VM Arguments:
jvm_args: -javaagent:C:\Program Files\JetBrains\IntelliJ IDEA Community Edition 2022.3.2\lib\idea_rt.jar=59779:C:\Program Files\JetBrains\IntelliJ IDEA Community Edition 2022.3.2\bin -Dfile.encoding=UTF-8 
java_command: com.openclassrooms.projet6.paymybuddy.PaymybuddyApplication
java_class_path (initial): E:\Documents\_PAPIERS\Travail\_Formations_JAVA\OC_Developpeur_Web\Projets\P6\PayMyBuddy_OCP6\paymybuddy\target\classes;C:\Users\saidh\.m2\repository\org\springframework\boot\spring-boot-starter-data-jpa\3.0.7\spring-boot-starter-data-jpa-3.0.7.jar;C:\Users\saidh\.m2\repository\org\springframework\boot\spring-boot-starter-aop\3.0.7\spring-boot-starter-aop-3.0.7.jar;C:\Users\saidh\.m2\repository\org\aspectj\aspectjweaver\1.9.19\aspectjweaver-1.9.19.jar;C:\Users\saidh\.m2\repository\org\springframework\boot\spring-boot-starter-jdbc\3.0.7\spring-boot-starter-jdbc-3.0.7.jar;C:\Users\saidh\.m2\repository\com\zaxxer\HikariCP\5.0.1\HikariCP-5.0.1.jar;C:\Users\saidh\.m2\repository\org\springframework\spring-jdbc\6.0.9\spring-jdbc-6.0.9.jar;C:\Users\saidh\.m2\repository\org\hibernate\orm\hibernate-core\6.1.7.Final\hibernate-core-6.1.7.Final.jar;C:\Users\saidh\.m2\repository\jakarta\persistence\jakarta.persistence-api\3.1.0\jakarta.persistence-api-3.1.0.jar;C:\Users\saidh\.m2\repository\jakarta\transaction\jakarta.transaction-api\2.0.1\jakarta.transaction-api-2.0.1.jar;C:\Users\saidh\.m2\repository\org\jboss\logging\jboss-logging\3.5.0.Final\jboss-logging-3.5.0.Final.jar;C:\Users\saidh\.m2\repository\org\hibernate\common\hibernate-commons-annotations\6.0.6.Final\hibernate-commons-annotations-6.0.6.Final.jar;C:\Users\saidh\.m2\repository\org\jboss\jandex\2.4.2.Final\jandex-2.4.2.Final.jar;C:\Users\saidh\.m2\repository\com\fasterxml\classmate\1.5.1\classmate-1.5.1.jar;C:\Users\saidh\.m2\repository\net\bytebuddy\byte-buddy\1.12.23\byte-buddy-1.12.23.jar;C:\Users\saidh\.m2\repository\org\glassfish\jaxb\jaxb-runtime\4.0.2\jaxb-runtime-4.0.2.jar;C:\Users\saidh\.m2\repository\org\glassfish\jaxb\jaxb-core\4.0.2\jaxb-core-4.0.2.jar;C:\Users\saidh\.m2\repository\org\eclipse\angus\angus-activation\2.0.0\angus-activation-2.0.0.jar;C:\Users\saidh\.m2\repository\org\glassfish\jaxb\txw2\4.0.2\txw2-4.0.2.jar;C:\Users\saidh\.m2\repository\com\sun\istack\istack-comm
Launcher Type: SUN_STANDARD

[Global flags]
     intx CICompilerCount                          = 4                                         {product} {ergonomic}
     uint ConcGCThreads                            = 2                                         {product} {ergonomic}
     uint G1ConcRefinementThreads                  = 8                                         {product} {ergonomic}
   size_t G1HeapRegionSize                         = 2097152                                   {product} {ergonomic}
    uintx GCDrainStackTargetSize                   = 64                                        {product} {ergonomic}
   size_t InitialHeapSize                          = 268435456                                 {product} {ergonomic}
   size_t MarkStackSize                            = 4194304                                   {product} {ergonomic}
   size_t MaxHeapSize                              = 4286578688                                {product} {ergonomic}
   size_t MaxNewSize                               = 2571108352                                {product} {ergonomic}
   size_t MinHeapDeltaBytes                        = 2097152                                   {product} {ergonomic}
   size_t MinHeapSize                              = 8388608                                   {product} {ergonomic}
    uintx NonNMethodCodeHeapSize                   = 5839372                                {pd product} {ergonomic}
    uintx NonProfiledCodeHeapSize                  = 122909434                              {pd product} {ergonomic}
    uintx ProfiledCodeHeapSize                     = 122909434                              {pd product} {ergonomic}
    uintx ReservedCodeCacheSize                    = 251658240                              {pd product} {ergonomic}
     bool SegmentedCodeCache                       = true                                      {product} {ergonomic}
   size_t SoftMaxHeapSize                          = 4286578688                             {manageable} {ergonomic}
     bool UseCompressedClassPointers               = true                           {product lp64_product} {ergonomic}
     bool UseCompressedOops                        = true                           {product lp64_product} {ergonomic}
     bool UseG1GC                                  = true                                      {product} {ergonomic}
     bool UseLargePagesIndividualAllocation        = false                                  {pd product} {ergonomic}

Logging:
Log output configuration:
 #0: stdout all=warning uptime,level,tags
 #1: stderr all=off uptime,level,tags

Environment Variables:
JAVA_HOME=C:\Program Files\Eclipse Adoptium\jdk-17.0.6.10-hotspot\
PATH=C:\Program Files\Eclipse Adoptium\jdk-17.0.6.10-hotspot\bin;C:\Program Files (x86)\Common Files\Oracle\Java\javapath;C:\Program Files\Eclipse Adoptium\jdk-11.0.18.10-hotspot\bin;C:\Windows\system32;C:\Windows;C:\Windows\System32\Wbem;C:\Windows\System32\WindowsPowerShell\v1.0\;C:\Windows\System32\OpenSSH\;C:\Program Files\dotnet\;C:\Program Files\Git\cmd;C:\Program Files\MySQL\MySQL Shell 8.0\bin\;E:\Documents\Developpeur_Informatique\_Logiciels\apache-maven-3.8.7-bin\apache-maven-3.8.7\bin;E:\Documents\Developpeur_Informatique\_SOFTWARES\apache-maven-3.8.7-bin\apache-maven-3.8.7\bin;;C:\Users\saidh\AppData\Local\Programs\Microsoft VS Code\bin
USERNAME=saidh
OS=Windows_NT
PROCESSOR_IDENTIFIER=Intel64 Family 6 Model 42 Stepping 7, GenuineIntel
TMP=C:\Users\saidh\AppData\Local\Temp
TEMP=C:\Users\saidh\AppData\Local\Temp



---------------  S Y S T E M  ---------------

OS:
 Windows 10 , 64 bit Build 19041 (10.0.19041.3155)
OS uptime: 1 days 9:33 hours

CPU: total 8 (initial active 8) (4 cores per cpu, 2 threads per core) family 6 model 42 stepping 7 microcode 0x2f, cx8, cmov, fxsr, ht, mmx, sse, sse2, sse3, ssse3, sse4.1, sse4.2, popcnt, tsc, tscinvbit, avx, aes, clmul, vzeroupper, clflush

Memory: 4k page, system-wide physical 16351M (3542M free)
TotalPageFile size 38879M (AvailPageFile size 9581M)
current process WorkingSet (physical memory assigned to process): 190M, peak: 273M
current process commit charge ("private bytes"): 266M, peak: 418M

vm_info: OpenJDK 64-Bit Server VM (17.0.6+10-LTS) for windows-amd64 JRE (17.0.6+10-LTS), built on Jan 13 2023 22:57:04 by "Administrator" with MS VC++ 15.9 (VS2017)

END.
